{"/home/nghia/workplace/my/node/name-used/test.js":{"path":"/home/nghia/workplace/my/node/name-used/test.js","s":{"1":1,"2":1,"3":1,"4":1,"5":1,"6":1,"7":1,"8":1,"9":1,"10":1,"11":1},"b":{},"f":{"1":1,"2":1,"3":1,"4":1,"5":1},"fnMap":{"1":{"name":"(anonymous_1)","line":6,"loc":{"start":{"line":6,"column":17},"end":{"line":6,"column":27}}},"2":{"name":"(anonymous_2)","line":8,"loc":{"start":{"line":8,"column":24},"end":{"line":8,"column":39}}},"3":{"name":"(anonymous_3)","line":10,"loc":{"start":{"line":10,"column":12},"end":{"line":10,"column":27}}},"4":{"name":"(anonymous_4)","line":16,"loc":{"start":{"line":16,"column":31},"end":{"line":16,"column":46}}},"5":{"name":"(anonymous_5)","line":18,"loc":{"start":{"line":18,"column":12},"end":{"line":18,"column":27}}}},"statementMap":{"1":{"start":{"line":3,"column":0},"end":{"line":3,"column":31}},"2":{"start":{"line":4,"column":0},"end":{"line":4,"column":29}},"3":{"start":{"line":6,"column":0},"end":{"line":24,"column":3}},"4":{"start":{"line":8,"column":2},"end":{"line":14,"column":5}},"5":{"start":{"line":9,"column":4},"end":{"line":13,"column":8}},"6":{"start":{"line":11,"column":8},"end":{"line":11,"column":32}},"7":{"start":{"line":12,"column":8},"end":{"line":12,"column":15}},"8":{"start":{"line":16,"column":2},"end":{"line":22,"column":5}},"9":{"start":{"line":17,"column":4},"end":{"line":21,"column":8}},"10":{"start":{"line":19,"column":8},"end":{"line":19,"column":33}},"11":{"start":{"line":20,"column":8},"end":{"line":20,"column":15}}},"branchMap":{}},"/home/nghia/workplace/my/node/name-used/index.js":{"path":"/home/nghia/workplace/my/node/name-used/index.js","s":{"1":1,"2":1,"3":2,"4":2,"5":2,"6":2,"7":1,"8":2},"b":{"1":[1,1]},"f":{"1":2,"2":2},"fnMap":{"1":{"name":"(anonymous_1)","line":4,"loc":{"start":{"line":4,"column":17},"end":{"line":4,"column":34}}},"2":{"name":"(anonymous_2)","line":10,"loc":{"start":{"line":10,"column":21},"end":{"line":10,"column":48}}}},"statementMap":{"1":{"start":{"line":3,"column":0},"end":{"line":3,"column":27}},"2":{"start":{"line":4,"column":0},"end":{"line":18,"column":2}},"3":{"start":{"line":5,"column":2},"end":{"line":8,"column":4}},"4":{"start":{"line":10,"column":2},"end":{"line":17,"column":4}},"5":{"start":{"line":11,"column":4},"end":{"line":16,"column":7}},"6":{"start":{"line":12,"column":6},"end":{"line":14,"column":7}},"7":{"start":{"line":13,"column":8},"end":{"line":13,"column":22}},"8":{"start":{"line":15,"column":6},"end":{"line":15,"column":21}}},"branchMap":{"1":{"line":12,"type":"if","locations":[{"start":{"line":12,"column":6},"end":{"line":12,"column":6}},{"start":{"line":12,"column":6},"end":{"line":12,"column":6}}]}}}}