TN:
SF:/home/nghia/workplace/my/node/name-used/test.js
FN:6,(anonymous_1)
FN:8,(anonymous_2)
FN:10,(anonymous_3)
FN:14,(anonymous_4)
FN:20,(anonymous_5)
FN:22,(anonymous_6)
FN:26,(anonymous_7)
FNF:7
FNH:5
FNDA:1,(anonymous_1)
FNDA:1,(anonymous_2)
FNDA:1,(anonymous_3)
FNDA:0,(anonymous_4)
FNDA:1,(anonymous_5)
FNDA:0,(anonymous_6)
FNDA:1,(anonymous_7)
DA:3,1
DA:4,1
DA:6,1
DA:8,1
DA:9,1
DA:11,1
DA:12,1
DA:15,0
DA:16,0
DA:20,1
DA:21,1
DA:23,0
DA:24,0
DA:27,1
DA:28,1
LF:15
LH:11
BRF:0
BRH:0
end_of_record
TN:
SF:/home/nghia/workplace/my/node/name-used/index.js
FN:5,(anonymous_1)
FN:11,(anonymous_2)
FNF:2
FNH:2
FNDA:2,(anonymous_1)
FNDA:2,(anonymous_2)
DA:3,1
DA:4,1
DA:5,1
DA:6,2
DA:11,2
DA:12,2
DA:13,2
DA:14,1
DA:16,2
LF:9
LH:9
BRDA:13,1,0,1
BRDA:13,1,1,1
BRF:2
BRH:2
end_of_record
